<?xml version="1.0" encoding="UTF-8" ?>
<testsuite tests="17" failures="0" name="com.robot.utility.InputValidatorImpl2Test" time="0" errors="0" skipped="0">
  <properties>
[...]
</properties>
  <testcase classname="com.robot.utility.InputValidatorImpl2Test" name="testValidateCoords4" time="0"/>
  <testcase classname="com.robot.utility.InputValidatorImpl2Test" name="testValidateRoomSize2" time="0"/>
  <testcase classname="com.robot.utility.InputValidatorImpl2Test" name="testValidateInstructions3" time="0"/>
  <testcase classname="com.robot.utility.InputValidatorImpl2Test" name="testValidatePatches2" time="0"/>
  <testcase classname="com.robot.utility.InputValidatorImpl2Test" name="testValidateRoomSize1" time="0"/>
  <testcase classname="com.robot.utility.InputValidatorImpl2Test" name="testValidateInstructions1" time="0"/>
  <testcase classname="com.robot.utility.InputValidatorImpl2Test" name="testValidatePatches3" time="0"/>
  <testcase classname="com.robot.utility.InputValidatorImpl2Test" name="testValidatePatches4" time="0"/>
  <testcase classname="com.robot.utility.InputValidatorImpl2Test" name="testValidatePatches1" time="0"/>
  <testcase classname="com.robot.utility.InputValidatorImpl2Test" name="testValidateCoords1" time="0"/>
  <testcase classname="com.robot.utility.InputValidatorImpl2Test" name="testValidatePatches5" time="0"/>
  <testcase classname="com.robot.utility.InputValidatorImpl2Test" name="testValidateRoomSize4" time="0"/>
  <testcase classname="com.robot.utility.InputValidatorImpl2Test" name="testValidateCoords3" time="0"/>
  <testcase classname="com.robot.utility.InputValidatorImpl2Test" name="testValidateCoords2" time="0"/>
  <testcase classname="com.robot.utility.InputValidatorImpl2Test" name="testValidateRoomSize3" time="0"/>
  <testcase classname="com.robot.utility.InputValidatorImpl2Test" name="testValidateInstructions2" time="0"/>
  <testcase classname="com.robot.utility.InputValidatorImpl2Test" name="testValidateCoords5" time="0"/>
</testsuite>